c:\users\yeeun lee\desktop\colorconversion_2016\colorconversion\debug\colorconversion.pch
c:\users\yeeun lee\desktop\colorconversion_2016\colorconversion\debug\vc142.pdb
c:\users\yeeun lee\desktop\colorconversion_2016\colorconversion\debug\vc142.idb
c:\users\yeeun lee\desktop\colorconversion_2016\colorconversion\debug\stdafx.obj
c:\users\yeeun lee\desktop\colorconversion_2016\colorconversion\debug\mainfrm.obj
c:\users\yeeun lee\desktop\colorconversion_2016\colorconversion\debug\colorconversionview.obj
c:\users\yeeun lee\desktop\colorconversion_2016\colorconversion\debug\colorconversiondoc.obj
c:\users\yeeun lee\desktop\colorconversion_2016\colorconversion\debug\colorconversion.obj
c:\users\yeeun lee\desktop\colorconversion_2016\colorconversion\debug\cdib.obj
c:\users\yeeun lee\desktop\colorconversion_2016\debug\colorconversion.ilk
c:\users\yeeun lee\desktop\colorconversion_2016\debug\colorconversion.exe
c:\users\yeeun lee\desktop\colorconversion_2016\debug\colorconversion.pdb
c:\users\yeeun lee\desktop\colorconversion_2016\colorconversion\debug\colorconversion.res
c:\users\yeeun lee\desktop\colorconversion_2016\colorconversion\debug\colorconversion.tlog\cl.command.1.tlog
c:\users\yeeun lee\desktop\colorconversion_2016\colorconversion\debug\colorconversion.tlog\cl.read.1.tlog
c:\users\yeeun lee\desktop\colorconversion_2016\colorconversion\debug\colorconversion.tlog\cl.write.1.tlog
c:\users\yeeun lee\desktop\colorconversion_2016\colorconversion\debug\colorconversion.tlog\link.command.1.tlog
c:\users\yeeun lee\desktop\colorconversion_2016\colorconversion\debug\colorconversion.tlog\link.read.1.tlog
c:\users\yeeun lee\desktop\colorconversion_2016\colorconversion\debug\colorconversion.tlog\link.write.1.tlog
c:\users\yeeun lee\desktop\colorconversion_2016\colorconversion\debug\colorconversion.tlog\rc.command.1.tlog
c:\users\yeeun lee\desktop\colorconversion_2016\colorconversion\debug\colorconversion.tlog\rc.read.1.tlog
c:\users\yeeun lee\desktop\colorconversion_2016\colorconversion\debug\colorconversion.tlog\rc.write.1.tlog
