  main.cpp
  practice3_1.cpp
C:\Users\YeEun Lee\Desktop\project6_배포용\practice3_1.cpp(6,11): warning C4101: 'a' :참조되지 않은 지역 변수입니다.
C:\Users\YeEun Lee\Desktop\project6_배포용\practice3_1.cpp(6,18): warning C4101: 'b' :참조되지 않은 지역 변수입니다.
C:\Users\YeEun Lee\Desktop\project6_배포용\practice3_1.cpp(6,30): warning C4101: 's' :참조되지 않은 지역 변수입니다.
C:\Users\YeEun Lee\Desktop\project6_배포용\practice3_1.cpp(6,24): warning C4101: 'x' :참조되지 않은 지역 변수입니다.
C:\Users\YeEun Lee\Desktop\project6_배포용\practice3_1.cpp(5,22): warning C4101: 'l' :참조되지 않은 지역 변수입니다.
C:\Users\YeEun Lee\Desktop\project6_배포용\practice3_1.cpp(5,16): warning C4101: 'j' :참조되지 않은 지역 변수입니다.
C:\Users\YeEun Lee\Desktop\project6_배포용\practice3_1.cpp(5,9): warning C4101: 'i' :참조되지 않은 지역 변수입니다.
C:\Users\YeEun Lee\Desktop\project6_배포용\practice3_1.cpp(5,12): warning C4101: 'ia' :참조되지 않은 지역 변수입니다.
C:\Users\YeEun Lee\Desktop\project6_배포용\practice3_1.cpp(5,19): warning C4101: 'n' :참조되지 않은 지역 변수입니다.
  practice3_2.cpp
C:\Users\YeEun Lee\Desktop\project6_배포용\practice3_2.cpp(16,3): error C4996: 'sprintf': This function or variable may be unsafe. Consider using sprintf_s instead. To disable deprecation, use _CRT_SECURE_NO_WARNINGS. See online help for details.
C:\Users\YeEun Lee\Desktop\project6_배포용\practice3_2.cpp(17,3): error C4996: 'sprintf': This function or variable may be unsafe. Consider using sprintf_s instead. To disable deprecation, use _CRT_SECURE_NO_WARNINGS. See online help for details.
C:\Users\YeEun Lee\Desktop\project6_배포용\practice3_2.cpp(19,16): error C4996: 'fopen': This function or variable may be unsafe. Consider using fopen_s instead. To disable deprecation, use _CRT_SECURE_NO_WARNINGS. See online help for details.
C:\Users\YeEun Lee\Desktop\project6_배포용\practice3_2.cpp(25,16): error C4996: 'fopen': This function or variable may be unsafe. Consider using fopen_s instead. To disable deprecation, use _CRT_SECURE_NO_WARNINGS. See online help for details.
C:\Users\YeEun Lee\Desktop\project6_배포용\practice3_2.cpp(31,3): error C4996: 'fscanf': This function or variable may be unsafe. Consider using fscanf_s instead. To disable deprecation, use _CRT_SECURE_NO_WARNINGS. See online help for details.
C:\Users\YeEun Lee\Desktop\project6_배포용\practice3_2.cpp(12,6): warning C4101: 'i' :참조되지 않은 지역 변수입니다.
C:\Users\YeEun Lee\Desktop\project6_배포용\practice3_2.cpp(11,11): warning C4101: 'fail' :참조되지 않은 지역 변수입니다.
  practice3_3.cpp
C:\Users\YeEun Lee\Desktop\project6_배포용\practice3_3.cpp(52,15): error C4996: 'fopen': This function or variable may be unsafe. Consider using fopen_s instead. To disable deprecation, use _CRT_SECURE_NO_WARNINGS. See online help for details.
C:\Users\YeEun Lee\Desktop\project6_배포용\practice3_3.cpp(45,24): warning C4101: 'fjac' :참조되지 않은 지역 변수입니다.
C:\Users\YeEun Lee\Desktop\project6_배포용\practice3_3.cpp(48,6): warning C4101: 'info' :참조되지 않은 지역 변수입니다.
C:\Users\YeEun Lee\Desktop\project6_배포용\practice3_3.cpp(45,9): warning C4101: 'fvec' :참조되지 않은 지역 변수입니다.
C:\Users\YeEun Lee\Desktop\project6_배포용\practice3_3.cpp(49,9): warning C4101: 'wa' :참조되지 않은 지역 변수입니다.
  practice3_4.cpp
C:\Users\YeEun Lee\Desktop\project6_배포용\practice3_4.cpp(52,15): error C4996: 'fopen': This function or variable may be unsafe. Consider using fopen_s instead. To disable deprecation, use _CRT_SECURE_NO_WARNINGS. See online help for details.
C:\Users\YeEun Lee\Desktop\project6_배포용\practice3_4.cpp(45,24): warning C4101: 'fjac' :참조되지 않은 지역 변수입니다.
C:\Users\YeEun Lee\Desktop\project6_배포용\practice3_4.cpp(48,6): warning C4101: 'info' :참조되지 않은 지역 변수입니다.
C:\Users\YeEun Lee\Desktop\project6_배포용\practice3_4.cpp(45,9): warning C4101: 'fvec' :참조되지 않은 지역 변수입니다.
C:\Users\YeEun Lee\Desktop\project6_배포용\practice3_4.cpp(49,9): warning C4101: 'wa' :참조되지 않은 지역 변수입니다.
  practice3_5.cpp
C:\Users\YeEun Lee\Desktop\project6_배포용\practice3_5.cpp(34,15): error C4996: 'fopen': This function or variable may be unsafe. Consider using fopen_s instead. To disable deprecation, use _CRT_SECURE_NO_WARNINGS. See online help for details.
C:\Users\YeEun Lee\Desktop\project6_배포용\practice3_5.cpp(30,6): warning C4101: 'info' :참조되지 않은 지역 변수입니다.
C:\Users\YeEun Lee\Desktop\project6_배포용\practice3_5.cpp(28,9): warning C4101: 'fvec' :참조되지 않은 지역 변수입니다.
C:\Users\YeEun Lee\Desktop\project6_배포용\practice3_5.cpp(31,9): warning C4101: 'wa' :참조되지 않은 지역 변수입니다.
  practice3_6.cpp
C:\Users\YeEun Lee\Desktop\project6_배포용\practice3_6.cpp(52,15): error C4996: 'fopen': This function or variable may be unsafe. Consider using fopen_s instead. To disable deprecation, use _CRT_SECURE_NO_WARNINGS. See online help for details.
C:\Users\YeEun Lee\Desktop\project6_배포용\practice3_6.cpp(45,24): warning C4101: 'fjac' :참조되지 않은 지역 변수입니다.
C:\Users\YeEun Lee\Desktop\project6_배포용\practice3_6.cpp(48,6): warning C4101: 'info' :참조되지 않은 지역 변수입니다.
C:\Users\YeEun Lee\Desktop\project6_배포용\practice3_6.cpp(45,9): warning C4101: 'fvec' :참조되지 않은 지역 변수입니다.
C:\Users\YeEun Lee\Desktop\project6_배포용\practice3_6.cpp(49,9): warning C4101: 'wa' :참조되지 않은 지역 변수입니다.
  practice3_7.cpp
C:\Users\YeEun Lee\Desktop\project6_배포용\practice3_7.cpp(34,15): error C4996: 'fopen': This function or variable may be unsafe. Consider using fopen_s instead. To disable deprecation, use _CRT_SECURE_NO_WARNINGS. See online help for details.
C:\Users\YeEun Lee\Desktop\project6_배포용\practice3_7.cpp(30,6): warning C4101: 'info' :참조되지 않은 지역 변수입니다.
C:\Users\YeEun Lee\Desktop\project6_배포용\practice3_7.cpp(28,9): warning C4101: 'fvec' :참조되지 않은 지역 변수입니다.
C:\Users\YeEun Lee\Desktop\project6_배포용\practice3_7.cpp(31,9): warning C4101: 'wa' :참조되지 않은 지역 변수입니다.
  practice3_8.cpp
C:\Users\YeEun Lee\Desktop\project6_배포용\practice3_8.cpp(52,15): error C4996: 'fopen': This function or variable may be unsafe. Consider using fopen_s instead. To disable deprecation, use _CRT_SECURE_NO_WARNINGS. See online help for details.
C:\Users\YeEun Lee\Desktop\project6_배포용\practice3_8.cpp(45,24): warning C4101: 'fjac' :참조되지 않은 지역 변수입니다.
C:\Users\YeEun Lee\Desktop\project6_배포용\practice3_8.cpp(48,6): warning C4101: 'info' :참조되지 않은 지역 변수입니다.
C:\Users\YeEun Lee\Desktop\project6_배포용\practice3_8.cpp(45,9): warning C4101: 'fvec' :참조되지 않은 지역 변수입니다.
C:\Users\YeEun Lee\Desktop\project6_배포용\practice3_8.cpp(49,9): warning C4101: 'wa' :참조되지 않은 지역 변수입니다.
  코드를 생성하고 있습니다...
